===== System check at 2025-08-20 07:18:10 =====
Memory usage on BizAct151:
               total        used        free      shared  buff/cache   available
Mem:           7.6Gi       475Mi       6.6Gi       3.4Mi       755Mi       7.2Gi
Swap:          2.0Gi          0B       2.0Gi

CPU load on BizAct151:
 07:18:10 up 5 min,  1 user,  load average: 0.00, 0.00, 0.00

TCP connections on BizAct151:
4

Kernel version on BizAct151:
6.6.87.2-microsoft-standard-WSL2

===============================

===== System check at 2025-08-20 07:50:01 =====
Memory usage on BizAct151:
               total        used        free      shared  buff/cache   available
Mem:           7.6Gi       473Mi       6.8Gi       3.4Mi       578Mi       7.2Gi
Swap:          2.0Gi          0B       2.0Gi

CPU load on BizAct151:
 07:50:01 up 37 min,  1 user,  load average: 0.00, 0.00, 0.00

TCP connections on BizAct151:
4

Kernel version on BizAct151:
6.6.87.2-microsoft-standard-WSL2

===============================

===== System check at 2025-08-20 07:54:01 =====
Memory usage on BizAct151:
               total        used        free      shared  buff/cache   available
Mem:           7.6Gi       475Mi       6.7Gi       3.4Mi       582Mi       7.2Gi
Swap:          2.0Gi          0B       2.0Gi

CPU load on BizAct151:
 07:54:01 up 41 min,  1 user,  load average: 0.00, 0.00, 0.00

TCP connections on BizAct151:
4

Kernel version on BizAct151:
6.6.87.2-microsoft-standard-WSL2

===============================

===== System check at 2025-08-20 07:55:01 =====
Memory usage on BizAct151:
               total        used        free      shared  buff/cache   available
Mem:           7.6Gi       470Mi       6.8Gi       3.4Mi       583Mi       7.2Gi
Swap:          2.0Gi          0B       2.0Gi

CPU load on BizAct151:
 07:55:01 up 42 min,  1 user,  load average: 0.00, 0.00, 0.00

TCP connections on BizAct151:
5

Kernel version on BizAct151:
6.6.87.2-microsoft-standard-WSL2

===============================

